2024-09-22T01:13:16.557+09:00  INFO 3432 --- [restartedMain] c.f.findhomesbe.FindHomesBeApplication   : Starting FindHomesBeApplication using Java 19.0.2 with PID 3432 (C:\Users\Ding\Desktop\4_1\FP\github\BackEnd\build\classes\java\main started by Ding in C:\Users\Ding\Desktop\4_1\FP\github\BackEnd)
2024-09-22T01:13:16.562+09:00  INFO 3432 --- [restartedMain] c.f.findhomesbe.FindHomesBeApplication   : No active profile set, falling back to 1 default profile: "default"
2024-09-22T01:13:16.640+09:00  INFO 3432 --- [restartedMain] .e.DevToolsPropertyDefaultsPostProcessor : Devtools property defaults active! Set 'spring.devtools.add-properties' to 'false' to disable
2024-09-22T01:13:16.640+09:00  INFO 3432 --- [restartedMain] .e.DevToolsPropertyDefaultsPostProcessor : For additional web related logging consider setting the 'logging.level.web' property to 'DEBUG'
2024-09-22T01:13:17.569+09:00  INFO 3432 --- [restartedMain] .s.d.r.c.RepositoryConfigurationDelegate : Bootstrapping Spring Data JPA repositories in DEFAULT mode.
2024-09-22T01:13:17.719+09:00  INFO 3432 --- [restartedMain] .s.d.r.c.RepositoryConfigurationDelegate : Finished Spring Data repository scanning in 139 ms. Found 18 JPA repository interfaces.
2024-09-22T01:13:19.292+09:00  INFO 3432 --- [restartedMain] o.s.b.w.embedded.tomcat.TomcatWebServer  : Tomcat initialized with port 8080 (http)
2024-09-22T01:13:19.310+09:00  INFO 3432 --- [restartedMain] o.apache.catalina.core.StandardService   : Starting service [Tomcat]
2024-09-22T01:13:19.311+09:00  INFO 3432 --- [restartedMain] o.apache.catalina.core.StandardEngine    : Starting Servlet engine: [Apache Tomcat/10.1.20]
2024-09-22T01:13:19.427+09:00  INFO 3432 --- [restartedMain] o.a.c.c.C.[Tomcat].[localhost].[/]       : Initializing Spring embedded WebApplicationContext
2024-09-22T01:13:19.427+09:00  INFO 3432 --- [restartedMain] w.s.c.ServletWebServerApplicationContext : Root WebApplicationContext: initialization completed in 2786 ms
2024-09-22T01:13:19.702+09:00  INFO 3432 --- [restartedMain] com.zaxxer.hikari.HikariDataSource       : HikariPool-1 - Starting...
2024-09-22T01:13:20.405+09:00  INFO 3432 --- [restartedMain] com.zaxxer.hikari.pool.HikariPool        : HikariPool-1 - Added connection com.mysql.cj.jdbc.ConnectionImpl@48b4d6c0
2024-09-22T01:13:20.410+09:00  INFO 3432 --- [restartedMain] com.zaxxer.hikari.HikariDataSource       : HikariPool-1 - Start completed.
2024-09-22T01:13:20.498+09:00  INFO 3432 --- [restartedMain] o.hibernate.jpa.internal.util.LogHelper  : HHH000204: Processing PersistenceUnitInfo [name: default]
2024-09-22T01:13:20.636+09:00  INFO 3432 --- [restartedMain] org.hibernate.Version                    : HHH000412: Hibernate ORM core version 6.4.4.Final
2024-09-22T01:13:20.658+09:00  INFO 3432 --- [restartedMain] o.h.spatial.integration.SpatialService   : HHH80000001: hibernate-spatial integration enabled : true
2024-09-22T01:13:20.723+09:00  INFO 3432 --- [restartedMain] o.h.c.internal.RegionFactoryInitiator    : HHH000026: Second-level cache disabled
2024-09-22T01:13:20.979+09:00  WARN 3432 --- [restartedMain] org.hibernate.orm.deprecation            : HHH90000025: MySQLDialect does not need to be specified explicitly using 'hibernate.dialect' (remove the property setting and it will be selected by default)
2024-09-22T01:13:21.004+09:00  INFO 3432 --- [restartedMain] org.hibernate.spatial                    : HHH80000003: hibernate-spatial adding type contributions from : org.hibernate.spatial.dialect.mysql.MySQLDialectContributor
2024-09-22T01:13:21.219+09:00  INFO 3432 --- [restartedMain] o.s.o.j.p.SpringPersistenceUnitInfo      : No LoadTimeWeaver setup: ignoring JPA class transformer
2024-09-22T01:13:21.256+09:00  INFO 3432 --- [restartedMain] org.hibernate.spatial                    : HHH80000003: hibernate-spatial adding type contributions from : org.hibernate.spatial.dialect.mysql.MySQLDialectContributor
2024-09-22T01:13:21.766+09:00  INFO 3432 --- [restartedMain] org.hibernate.spatial                    : HHH80000004: hibernate-spatial adding function contributions from : org.hibernate.spatial.dialect.mysql.MySQLDialectContributor
2024-09-22T01:13:23.090+09:00  INFO 3432 --- [restartedMain] o.h.e.t.j.p.i.JtaPlatformInitiator       : HHH000489: No JTA platform available (set 'hibernate.transaction.jta.platform' to enable JTA platform integration)
2024-09-22T01:13:23.096+09:00  INFO 3432 --- [restartedMain] j.LocalContainerEntityManagerFactoryBean : Initialized JPA EntityManagerFactory for persistence unit 'default'
2024-09-22T01:13:23.612+09:00  INFO 3432 --- [restartedMain] o.s.d.j.r.query.QueryEnhancerFactory     : Hibernate is in classpath; If applicable, HQL parser will be used.
2024-09-22T01:13:25.287+09:00  INFO 3432 --- [restartedMain] c.f.f.controller.TestController          : 임시 데이터 매물 개수: 5855
2024-09-22T01:13:25.490+09:00  WARN 3432 --- [restartedMain] JpaBaseConfiguration$JpaWebConfiguration : spring.jpa.open-in-view is enabled by default. Therefore, database queries may be performed during view rendering. Explicitly configure spring.jpa.open-in-view to disable this warning
2024-09-22T01:13:25.511+09:00  WARN 3432 --- [restartedMain] .s.s.UserDetailsServiceAutoConfiguration : 

Using generated security password: d947b8a1-1056-4f48-a176-fb9532202ac7

This generated password is for development use only. Your security configuration must be updated before running your application in production.

2024-09-22T01:13:25.999+09:00  INFO 3432 --- [restartedMain] o.s.s.web.DefaultSecurityFilterChain     : Will secure any request with [org.springframework.security.web.session.DisableEncodeUrlFilter@13aee327, org.springframework.security.web.context.request.async.WebAsyncManagerIntegrationFilter@5e70026d, org.springframework.security.web.context.SecurityContextHolderFilter@684c9f73, org.springframework.security.web.header.HeaderWriterFilter@7de0e88e, org.springframework.web.filter.CorsFilter@51ef42f6, org.springframework.security.web.authentication.logout.LogoutFilter@3b47033, com.findhomes.findhomesbe.login.JwtAuthenticationFilter@1ecf6bdd, org.springframework.security.web.savedrequest.RequestCacheAwareFilter@35388904, org.springframework.security.web.servletapi.SecurityContextHolderAwareRequestFilter@20c196f9, org.springframework.security.web.authentication.AnonymousAuthenticationFilter@261ce25b, org.springframework.security.web.session.SessionManagementFilter@5cb3f12b, org.springframework.security.web.access.ExceptionTranslationFilter@19b86548, org.springframework.security.web.access.intercept.AuthorizationFilter@65d518df]
2024-09-22T01:13:26.805+09:00  INFO 3432 --- [restartedMain] o.s.b.d.a.OptionalLiveReloadServer       : LiveReload server is running on port 35729
2024-09-22T01:13:26.889+09:00  INFO 3432 --- [restartedMain] o.s.b.w.embedded.tomcat.TomcatWebServer  : Tomcat started on port 8080 (http) with context path ''
2024-09-22T01:13:26.912+09:00  INFO 3432 --- [restartedMain] c.f.findhomesbe.FindHomesBeApplication   : Started FindHomesBeApplication in 10.762 seconds (process running for 11.533)
2024-09-22T01:13:54.602+09:00  INFO 3432 --- [http-nio-8080-exec-1] o.a.c.c.C.[Tomcat].[localhost].[/]       : Initializing Spring DispatcherServlet 'dispatcherServlet'
2024-09-22T01:13:54.602+09:00  INFO 3432 --- [http-nio-8080-exec-1] o.s.web.servlet.DispatcherServlet        : Initializing Servlet 'dispatcherServlet'
2024-09-22T01:13:54.603+09:00  INFO 3432 --- [http-nio-8080-exec-1] o.s.web.servlet.DispatcherServlet        : Completed initialization in 1 ms
2024-09-22T01:13:58.208+09:00  WARN 3432 --- [ForkJoinPool.commonPool-worker-2] o.o.selenium.devtools.CdpVersionFinder   : Unable to find an exact match for CDP version 128, returning the closest version; found: 124; Please update to a Selenium version that supports CDP version 128
2024-09-22T01:13:58.208+09:00  WARN 3432 --- [ForkJoinPool.commonPool-worker-4] o.o.selenium.devtools.CdpVersionFinder   : Unable to find an exact match for CDP version 128, returning the closest version; found: 124; Please update to a Selenium version that supports CDP version 128
2024-09-22T01:13:58.229+09:00  WARN 3432 --- [ForkJoinPool.commonPool-worker-1] o.o.selenium.devtools.CdpVersionFinder   : Unable to find an exact match for CDP version 128, returning the closest version; found: 124; Please update to a Selenium version that supports CDP version 128
2024-09-22T01:13:58.333+09:00  WARN 3432 --- [LittleProxy-3-ClientToProxyWorker-0] net.lightbody.bmp.mitm.util.SslUtil      : Disabling upstream server certificate verification. This will allow attackers to intercept communications with upstream servers.
2024-09-22T01:13:58.333+09:00  WARN 3432 --- [LittleProxy-1-ClientToProxyWorker-0] net.lightbody.bmp.mitm.util.SslUtil      : Disabling upstream server certificate verification. This will allow attackers to intercept communications with upstream servers.
2024-09-22T01:13:58.415+09:00  WARN 3432 --- [LittleProxy-0-ClientToProxyWorker-3] net.lightbody.bmp.mitm.util.SslUtil      : Disabling upstream server certificate verification. This will allow attackers to intercept communications with upstream servers.
2024-09-22T01:13:58.511+09:00  WARN 3432 --- [LittleProxy-2-ClientToProxyWorker-0] net.lightbody.bmp.mitm.util.SslUtil      : Disabling upstream server certificate verification. This will allow attackers to intercept communications with upstream servers.
2024-09-22T01:13:58.594+09:00  WARN 3432 --- [ForkJoinPool.commonPool-worker-3] o.o.selenium.devtools.CdpVersionFinder   : Unable to find an exact match for CDP version 128, returning the closest version; found: 124; Please update to a Selenium version that supports CDP version 128
2024-09-22T01:14:16.274+09:00  INFO 3432 --- [ForkJoinPool.commonPool-worker-4] c.f.f.crawling.IndustryCrawlingTask      : [[menu - id 13 restaurant result: [고소한=2, 파스타=2, 향긋한=2, 튀긴=2, 아이스크림=2, 닭볶음탕=2, 츄로스=2]]]
2024-09-22T01:14:16.316+09:00  INFO 3432 --- [ForkJoinPool.commonPool-worker-3] c.f.f.crawling.IndustryCrawlingTask      : [[menu - id 11 restaurant name "menu" tab not found]]
2024-09-22T01:14:17.340+09:00  INFO 3432 --- [ForkJoinPool.commonPool-worker-2] c.f.f.crawling.IndustryCrawlingTask      : [[menu - id 9 restaurant result: [산초=1, 한치튀김=1, 청경채=1, 살치살볶음=1, 목이버섯=1, 바오자이판=1, 발효배추=1]]]
2024-09-22T01:14:20.643+09:00  INFO 3432 --- [ForkJoinPool.commonPool-worker-4] c.f.f.crawling.IndustryCrawlingTask      : [[menu - id 17 restaurant result: [한우=4, 오마카세=3, 코스=2, 테판등심=2, 볶음밥=2, 숙성된=2, 인분=2]]]
2024-09-22T01:14:21.836+09:00  INFO 3432 --- [ForkJoinPool.commonPool-worker-3] c.f.f.crawling.IndustryCrawlingTask      : [[menu - id 15 restaurant result: [한우=4, 오마카세=3, 코스=2, 테판등심=2, 볶음밥=2, 숙성된=2, 인분=2]]]
2024-09-22T01:14:22.999+09:00  INFO 3432 --- [ForkJoinPool.commonPool-worker-2] c.f.f.crawling.IndustryCrawlingTask      : [[menu - id 13 restaurant result: [고소한=2, 파스타=2, 향긋한=2, 튀긴=2, 아이스크림=2, 닭볶음탕=2, 츄로스=2]]]
2024-09-22T01:14:24.533+09:00  INFO 3432 --- [ForkJoinPool.commonPool-worker-1] c.f.f.crawling.IndustryCrawlingTask      : [[menu - id 7 restaurant result: [모히토=2, 스파클링=2, 달콤한=2, 밀크티=2, 카페라떼=2, 아메리카노=2, 가득한=1]]]
2024-09-22T01:14:25.662+09:00  INFO 3432 --- [ForkJoinPool.commonPool-worker-3] c.f.f.crawling.IndustryCrawlingTask      : [[menu - id 19 restaurant result: [아메리카노=1]]]
2024-09-22T01:14:28.705+09:00  INFO 3432 --- [ForkJoinPool.commonPool-worker-2] c.f.f.crawling.IndustryCrawlingTask      : [[menu - id 17 restaurant result: [한우=4, 오마카세=3, 코스=2, 테판등심=2, 볶음밥=2, 숙성된=2, 인분=2]]]
2024-09-22T01:14:29.029+09:00  INFO 3432 --- [ForkJoinPool.commonPool-worker-1] c.f.f.crawling.IndustryCrawlingTask      : [[menu - id 11 restaurant name "menu" tab not found]]
2024-09-22T01:14:33.243+09:00  INFO 3432 --- [ForkJoinPool.commonPool-worker-1] c.f.f.crawling.IndustryCrawlingTask      : [[menu - id 15 restaurant result: [한우=4, 오마카세=3, 코스=2, 테판등심=2, 볶음밥=2, 숙성된=2, 인분=2]]]
2024-09-22T01:14:33.950+09:00  INFO 3432 --- [ForkJoinPool.commonPool-worker-4] c.f.f.crawling.IndustryCrawlingTask      : [[menu - id 21 restaurant result: [예맥살=4, 오겹살=3, 부위=2, 한판세트=2, 암소한우의=2, 지방맛이=2, 쫄깃한=2]]]
2024-09-22T01:14:35.854+09:00  INFO 3432 --- [ForkJoinPool.commonPool-worker-1] c.f.f.crawling.IndustryCrawlingTask      : [[menu - id 19 restaurant result: [아메리카노=1]]]
2024-09-22T01:14:36.514+09:00  INFO 3432 --- [ForkJoinPool.commonPool-worker-2] c.f.f.crawling.IndustryCrawlingTask      : [[menu - id 21 restaurant result: [예맥살=4, 오겹살=3, 부위=2, 한판세트=2, 암소한우의=2, 지방맛이=2, 쫄깃한=2]]]
2024-09-22T01:14:39.139+09:00 ERROR 3432 --- [ForkJoinPool.commonPool-worker-3] c.f.findhomesbe.crawling.Crawling        : [[104 thread - ERROR: TimeoutException(List) - Css: .MXkFw]]
2024-09-22T01:14:39.224+09:00  INFO 3432 --- [ForkJoinPool.commonPool-worker-2] c.f.f.crawling.IndustryCrawlingTask      : [[menu - id 25 restaurant result: [양지냉면=2, 코스=2, 전립골=2, 한우=2, 구절판=2, 광화문=2, 육회=2]]]
2024-09-22T01:14:39.582+09:00  INFO 3432 --- [ForkJoinPool.commonPool-worker-3] c.f.f.crawling.IndustryCrawlingTask      : [[menu - id 23 restaurant result: [닭강정=9, 대박스인기대표=3, 중박스=3, 맛보기=2, 코카=2, 콜라=2, 사이즈=2]]]
2024-09-22T01:14:39.635+09:00  INFO 3432 --- [ForkJoinPool.commonPool-worker-4] c.f.f.crawling.IndustryCrawlingTask      : [[menu - id 25 restaurant result: [양지냉면=2, 코스=2, 전립골=2, 한우=2, 구절판=2, 광화문=2, 육회=2]]]
2024-09-22T01:14:41.992+09:00  INFO 3432 --- [ForkJoinPool.commonPool-worker-2] c.f.f.crawling.IndustryCrawlingTask      : [[menu - id 29 restaurant result: [링고아메=12, 시나몬=4, 초코=3, 느낄=3, 얼그레이=3, 플레인=2, 말차=2]]]
2024-09-22T01:14:43.012+09:00  INFO 3432 --- [ForkJoinPool.commonPool-worker-4] c.f.f.crawling.IndustryCrawlingTask      : [[menu - id 29 restaurant result: [링고아메=12, 시나몬=4, 초코=3, 느낄=3, 얼그레이=3, 플레인=2, 말차=2]]]
2024-09-22T01:14:44.560+09:00  INFO 3432 --- [ForkJoinPool.commonPool-worker-2] c.f.f.crawling.IndustryCrawlingTask      : [[menu - id 33 restaurant result: [산삼이=2, 인이상=1, 제공=1, 년이상=1, 삼계탕=1, 황후삼계탕=1, 테이블당=1]]]
2024-09-22T01:14:45.017+09:00 ERROR 3432 --- [ForkJoinPool.commonPool-worker-3] c.f.f.crawling.IndustryCrawlingTask      : [[menu - id 27 restaurant entryIframe not found]]
2024-09-22T01:14:47.153+09:00 ERROR 3432 --- [ForkJoinPool.commonPool-worker-1] c.f.findhomesbe.crawling.Crawling        : [[102 thread - ERROR: TimeoutException(List) - Css: .MXkFw]]
2024-09-22T01:14:47.861+09:00 ERROR 3432 --- [ForkJoinPool.commonPool-worker-4] c.f.f.crawling.IndustryCrawlingTask      : [[menu - id 33 restaurant entryIframe not found]]
2024-09-22T01:14:49.033+09:00  INFO 3432 --- [SpringApplicationShutdownHook] j.LocalContainerEntityManagerFactoryBean : Closing JPA EntityManagerFactory for persistence unit 'default'
2024-09-22T01:14:49.039+09:00  INFO 3432 --- [SpringApplicationShutdownHook] com.zaxxer.hikari.HikariDataSource       : HikariPool-1 - Shutdown initiated...
2024-09-22T01:14:49.115+09:00  INFO 3432 --- [SpringApplicationShutdownHook] com.zaxxer.hikari.HikariDataSource       : HikariPool-1 - Shutdown completed.
2024-09-22T01:14:49.245+09:00 ERROR 3432 --- [ForkJoinPool.commonPool-worker-2] c.f.f.crawling.IndustryCrawlingTask      : [[menu - id 37 restaurant entryIframe not found]]
2024-09-22T01:14:50.103+09:00 ERROR 3432 --- [ForkJoinPool.commonPool-worker-3] c.f.f.crawling.IndustryCrawlingTask      : [[menu - id 31 restaurant entryIframe not found]]
